<?xml version="1.0" encoding="UTF-8"?>
<!-- Generated by org.testng.reporters.JUnitReportReporter -->
<testsuite skipped="0" hostname="umesh" name="testMethodsAnna.LoginTest" tests="1" failures="0" timestamp="2020-10-18T17:22:34 IST" time="8.866" errors="0">
  <testcase name="Validation" time="8.866" classname="testMethodsAnna.LoginTest"/>
  <system-out/>
</testsuite> <!-- testMethodsAnna.LoginTest -->
